<?xml version="1.0" encoding="UTF-8"?>
<testng-results ignored="0" total="1" passed="1" failed="0" skipped="0">
  <reporter-output>
  </reporter-output>
  <suite started-at="2024-12-17T22:48:02 IST" name="Suite" finished-at="2024-12-17T22:49:51 IST" duration-ms="108788">
    <groups>
    </groups>
    <test started-at="2024-12-17T22:48:02 IST" name="Test" finished-at="2024-12-17T22:49:51 IST" duration-ms="108788">
      <class name="TestPackage.CourseraTest">
        <test-method is-config="true" signature="setUp()[pri:0, instance:TestPackage.CourseraTest@1c5920df]" started-at="2024-12-17T22:48:02 IST" name="setUp" finished-at="2024-12-17T22:48:07 IST" duration-ms="4663" status="PASS">
          <reporter-output>
          </reporter-output>
        </test-method> <!-- setUp -->
        <test-method signature="testCoursera()[pri:0, instance:TestPackage.CourseraTest@1c5920df]" started-at="2024-12-17T22:48:07 IST" name="testCoursera" finished-at="2024-12-17T22:49:51 IST" duration-ms="104066" status="PASS">
          <reporter-output>
          </reporter-output>
        </test-method> <!-- testCoursera -->
      </class> <!-- TestPackage.CourseraTest -->
    </test> <!-- Test -->
  </suite> <!-- Suite -->
</testng-results>
